<?xml version="1.0" encoding="UTF-8"?>
<testng-results ignored="2" total="3" passed="1" failed="0" skipped="0">
  <reporter-output>
  </reporter-output>
  <suite started-at="2023-05-11T12:01:10 IST" name="Default suite" finished-at="2023-05-11T12:02:54 IST" duration-ms="103806">
    <groups>
    </groups>
    <test started-at="2023-05-11T12:01:10 IST" name="Default test" finished-at="2023-05-11T12:02:54 IST" duration-ms="103806">
      <class name="testPackages.HelperClass">
        <test-method is-config="true" signature="beforeSuite()[pri:0, instance:testPackages.HelperClass@2034b64c]" started-at="2023-05-11T12:01:10 IST" name="beforeSuite" finished-at="2023-05-11T12:01:10 IST" duration-ms="12" status="PASS">
          <reporter-output>
          </reporter-output>
        </test-method> <!-- beforeSuite -->
        <test-method is-config="true" signature="afterSuite()[pri:0, instance:testPackages.HelperClass@2034b64c]" started-at="2023-05-11T12:02:54 IST" name="afterSuite" finished-at="2023-05-11T12:02:54 IST" duration-ms="1" status="PASS">
          <reporter-output>
          </reporter-output>
        </test-method> <!-- afterSuite -->
      </class> <!-- testPackages.HelperClass -->
      <class name="testPackages.TestCaseClass">
        <test-method is-config="true" signature="beforeClass()[pri:0, instance:testPackages.TestCaseClass@742ff096]" started-at="2023-05-11T12:01:10 IST" name="beforeClass" finished-at="2023-05-11T12:01:10 IST" duration-ms="0" status="PASS">
          <reporter-output>
          </reporter-output>
        </test-method> <!-- beforeClass -->
        <test-method is-config="true" signature="beforeMethodClass()[pri:0, instance:testPackages.TestCaseClass@742ff096]" started-at="2023-05-11T12:01:10 IST" name="beforeMethodClass" finished-at="2023-05-11T12:01:15 IST" duration-ms="4315" status="PASS">
          <reporter-output>
          </reporter-output>
        </test-method> <!-- beforeMethodClass -->
        <test-method signature="returnResults()[pri:0, instance:testPackages.TestCaseClass@742ff096]" started-at="2023-05-11T12:01:15 IST" name="returnResults" finished-at="2023-05-11T12:02:54 IST" duration-ms="99425" status="PASS">
          <reporter-output>
          </reporter-output>
        </test-method> <!-- returnResults -->
        <test-method is-config="true" signature="AfterMehtodClass()[pri:0, instance:testPackages.TestCaseClass@742ff096]" started-at="2023-05-11T12:02:54 IST" name="AfterMehtodClass" finished-at="2023-05-11T12:02:54 IST" duration-ms="0" status="PASS">
          <reporter-output>
          </reporter-output>
        </test-method> <!-- AfterMehtodClass -->
        <test-method is-config="true" signature="AfterClass()[pri:0, instance:testPackages.TestCaseClass@742ff096]" started-at="2023-05-11T12:02:54 IST" name="AfterClass" finished-at="2023-05-11T12:02:54 IST" duration-ms="3" status="PASS">
          <reporter-output>
          </reporter-output>
        </test-method> <!-- AfterClass -->
      </class> <!-- testPackages.TestCaseClass -->
    </test> <!-- Default test -->
  </suite> <!-- Default suite -->
</testng-results>
