<?xml version="1.0" encoding="UTF-8"?>
<!-- Generated by org.testng.reporters.JUnitXMLReporter -->
<testsuite ignored="2" hostname="SSLTP11229" failures="0" tests="1" name="Default test" time="103.806" errors="0" timestamp="2023-05-11T12:02:54 IST">
  <testcase classname="testPackages.TestCaseClass" name="returnResults" time="99.425"/>
  <testcase classname="testPackages.HelperClass" name="@AfterSuite afterSuite" time="0.0">
    <ignored/>
  </testcase> <!-- @AfterSuite afterSuite -->
  <testcase classname="testPackages.HelperClass" name="@BeforeSuite beforeSuite" time="0.0">
    <ignored/>
  </testcase> <!-- @BeforeSuite beforeSuite -->
</testsuite> <!-- Default test -->
