<?xml version="1.0" encoding="UTF-8"?>
<testng-results ignored="0" total="1" passed="1" failed="0" skipped="0">
  <reporter-output>
  </reporter-output>
  <suite started-at="2022-11-16T10:27:52 IST" name="Default suite" finished-at="2022-11-16T10:27:52 IST" duration-ms="63">
    <groups>
    </groups>
    <test started-at="2022-11-16T10:27:52 IST" name="Default test" finished-at="2022-11-16T10:27:52 IST" duration-ms="63">
      <class name="practice.NewTest">
        <test-method is-config="true" signature="beforeSuite()[pri:0, instance:practice.NewTest@6631f5ca]" started-at="2022-11-16T10:27:52 IST" name="beforeSuite" finished-at="2022-11-16T10:27:52 IST" duration-ms="15" status="PASS">
          <reporter-output>
          </reporter-output>
        </test-method> <!-- beforeSuite -->
        <test-method signature="f()[pri:0, instance:practice.NewTest@6631f5ca]" started-at="2022-11-16T10:27:52 IST" name="f" finished-at="2022-11-16T10:27:52 IST" duration-ms="10" status="PASS">
          <reporter-output>
          </reporter-output>
        </test-method> <!-- f -->
        <test-method is-config="true" signature="afterClass()[pri:0, instance:practice.NewTest@6631f5ca]" started-at="2022-11-16T10:27:52 IST" name="afterClass" finished-at="2022-11-16T10:27:52 IST" duration-ms="1" status="PASS">
          <reporter-output>
          </reporter-output>
        </test-method> <!-- afterClass -->
        <test-method is-config="true" signature="afterTest()[pri:0, instance:practice.NewTest@6631f5ca]" started-at="2022-11-16T10:27:52 IST" name="afterTest" finished-at="2022-11-16T10:27:52 IST" duration-ms="0" status="PASS">
          <reporter-output>
          </reporter-output>
        </test-method> <!-- afterTest -->
        <test-method is-config="true" signature="afterSuite()[pri:0, instance:practice.NewTest@6631f5ca]" started-at="2022-11-16T10:27:52 IST" name="afterSuite" finished-at="2022-11-16T10:27:52 IST" duration-ms="1" status="PASS">
          <reporter-output>
          </reporter-output>
        </test-method> <!-- afterSuite -->
      </class> <!-- practice.NewTest -->
    </test> <!-- Default test -->
  </suite> <!-- Default suite -->
</testng-results>
